<?xml version="1.0" encoding="UTF-8"?>
<!-- Generated by org.testng.reporters.JUnitXMLReporter -->
<testsuite ignored="0" hostname="DESKTOP-MQLPV38" failures="1" tests="17" name="LinkedIn" time="187.085" errors="0" timestamp="2025-10-24T20:44:55 IST">
  <testcase classname="LinkedIn_Pratice.Parameter" name="validatePageTitle" time="0.023"/>
  <testcase classname="LinkedIn_Pratice.CheckBox" name="handleMutableCheckBox" time="1.231">
    <failure type="org.openqa.selenium.ElementClickInterceptedException" message="element click intercepted: Element &amp;lt;input class=&amp;quot;bcCheckBox&amp;quot; id=&amp;quot;hindichbx&amp;quot; name=&amp;quot;language&amp;quot; type=&amp;quot;checkbox&amp;quot;&amp;gt; is not clickable at point (408, 679). Other element would receive the click: &amp;lt;iframe id=&amp;quot;aswift_7&amp;quot; name=&amp;quot;aswift_7&amp;quot; browsingtopics=&amp;quot;true&amp;quot; style=&amp;quot;min-height: auto; max-height: none; min-width: auto; max-width: none; width: 728px !important; height: 90px !important; display: block; margin: 0px auto;&amp;quot; sandbox=&amp;quot;allow-forms allow-popups allow-popups-to-escape-sandbox allow-same-origin allow-scripts allow-top-navigation-by-user-activation&amp;quot; width=&amp;quot;728&amp;quot; height=&amp;quot;90&amp;quot; frameborder=&amp;quot;0&amp;quot; marginwidth=&amp;quot;0&amp;quot; marginheight=&amp;quot;0&amp;quot; vspace=&amp;quot;0&amp;quot; hspace=&amp;quot;0&amp;quot; allowtransparency=&amp;quot;true&amp;quot; scrolling=&amp;quot;no&amp;quot; allow=&amp;quot;attribution-reporting; run-ad-auction&amp;quot; src=&amp;quot;https://googleads.g.doubleclick.net/pagead/html/r20251022/r20190131/zrt_lookup_fy2021.html#RS-1-&amp;amp;amp;adk=1812271801&amp;amp;amp;client=ca-pub-2190203024692607&amp;amp;amp;fa=1&amp;amp;amp;ifi=8&amp;amp;amp;uci=a!8&amp;amp;amp;btvi=4&amp;quot; data-google-container-id=&amp;quot;a!8&amp;quot; tabindex=&amp;quot;0&amp;quot; title=&amp;quot;Advertisement&amp;quot; aria-label=&amp;quot;Advertisement&amp;quot; data-google-query-id=&amp;quot;CJjwy8qPvZADFYqDrAIdIYgdzQ&amp;quot; data-load-complete=&amp;quot;true&amp;quot;&amp;gt;&amp;lt;/iframe&amp;gt;
  (Session info: chrome=129.0.6668.89)
Build info: version: &amp;apos;4.20.0&amp;apos;, revision: &amp;apos;866c76ca80&amp;apos;
System info: os.name: &amp;apos;Windows 10&amp;apos;, os.arch: &amp;apos;amd64&amp;apos;, os.version: &amp;apos;10.0&amp;apos;, java.version: &amp;apos;17.0.1&amp;apos;
Driver info: org.openqa.selenium.chrome.ChromeDriver
Command: [919b9691c5cdf329bf2ba59618fc84f3, clickElement {id=f.241D77377A06B7ED438FE10DB2D140C2.d.062E99627B124F1B7B35381D50C7A8AB.e.22}]
Capabilities {acceptInsecureCerts: false, browserName: chrome, browserVersion: 129.0.6668.89, chrome: {chromedriverVersion: 129.0.6668.100 (cf58cba358d..., userDataDir: C:\Users\Yohan\AppData\Loca...}, fedcm:accounts: true, goog:chromeOptions: {debuggerAddress: localhost:55905}, networkConnectionEnabled: false, pageLoadStrategy: normal, platformName: windows, proxy: Proxy(), se:cdp: ws://localhost:55905/devtoo..., se:cdpVersion: 129.0.6668.89, setWindowRect: true, strictFileInteractability: false, timeouts: {implicit: 0, pageLoad: 300000, script: 30000}, unhandledPromptBehavior: dismiss and notify, webauthn:extension:credBlob: true, webauthn:extension:largeBlob: true, webauthn:extension:minPinLength: true, webauthn:extension:prf: true, webauthn:virtualAuthenticators: true}
Element: [[ChromeDriver: chrome on windows (919b9691c5cdf329bf2ba59618fc84f3)] -&amp;gt; xpath: //input[@type=&amp;apos;checkbox&amp;apos;]]
Session ID: 919b9691c5cdf329bf2ba59618fc84f3">
      <![CDATA[org.openqa.selenium.ElementClickInterceptedException: element click intercepted: Element <input class="bcCheckBox" id="hindichbx" name="language" type="checkbox"> is not clickable at point (408, 679). Other element would receive the click: <iframe id="aswift_7" name="aswift_7" browsingtopics="true" style="min-height: auto; max-height: none; min-width: auto; max-width: none; width: 728px !important; height: 90px !important; display: block; margin: 0px auto;" sandbox="allow-forms allow-popups allow-popups-to-escape-sandbox allow-same-origin allow-scripts allow-top-navigation-by-user-activation" width="728" height="90" frameborder="0" marginwidth="0" marginheight="0" vspace="0" hspace="0" allowtransparency="true" scrolling="no" allow="attribution-reporting; run-ad-auction" src="https://googleads.g.doubleclick.net/pagead/html/r20251022/r20190131/zrt_lookup_fy2021.html#RS-1-&amp;adk=1812271801&amp;client=ca-pub-2190203024692607&amp;fa=1&amp;ifi=8&amp;uci=a!8&amp;btvi=4" data-google-container-id="a!8" tabindex="0" title="Advertisement" aria-label="Advertisement" data-google-query-id="CJjwy8qPvZADFYqDrAIdIYgdzQ" data-load-complete="true"></iframe>
  (Session info: chrome=129.0.6668.89)
Build info: version: '4.20.0', revision: '866c76ca80'
System info: os.name: 'Windows 10', os.arch: 'amd64', os.version: '10.0', java.version: '17.0.1'
Driver info: org.openqa.selenium.chrome.ChromeDriver
Command: [919b9691c5cdf329bf2ba59618fc84f3, clickElement {id=f.241D77377A06B7ED438FE10DB2D140C2.d.062E99627B124F1B7B35381D50C7A8AB.e.22}]
Capabilities {acceptInsecureCerts: false, browserName: chrome, browserVersion: 129.0.6668.89, chrome: {chromedriverVersion: 129.0.6668.100 (cf58cba358d..., userDataDir: C:\Users\Yohan\AppData\Loca...}, fedcm:accounts: true, goog:chromeOptions: {debuggerAddress: localhost:55905}, networkConnectionEnabled: false, pageLoadStrategy: normal, platformName: windows, proxy: Proxy(), se:cdp: ws://localhost:55905/devtoo..., se:cdpVersion: 129.0.6668.89, setWindowRect: true, strictFileInteractability: false, timeouts: {implicit: 0, pageLoad: 300000, script: 30000}, unhandledPromptBehavior: dismiss and notify, webauthn:extension:credBlob: true, webauthn:extension:largeBlob: true, webauthn:extension:minPinLength: true, webauthn:extension:prf: true, webauthn:virtualAuthenticators: true}
Element: [[ChromeDriver: chrome on windows (919b9691c5cdf329bf2ba59618fc84f3)] -> xpath: //input[@type='checkbox']]
Session ID: 919b9691c5cdf329bf2ba59618fc84f3
at org.openqa.selenium.remote.ErrorCodec.decode(ErrorCodec.java:167)
at org.openqa.selenium.remote.codec.w3c.W3CHttpResponseCodec.decode(W3CHttpResponseCodec.java:138)
at org.openqa.selenium.remote.codec.w3c.W3CHttpResponseCodec.decode(W3CHttpResponseCodec.java:50)
at org.openqa.selenium.remote.HttpCommandExecutor.execute(HttpCommandExecutor.java:190)
at org.openqa.selenium.remote.service.DriverCommandExecutor.invokeExecute(DriverCommandExecutor.java:216)
at org.openqa.selenium.remote.service.DriverCommandExecutor.execute(DriverCommandExecutor.java:174)
at org.openqa.selenium.remote.RemoteWebDriver.execute(RemoteWebDriver.java:518)
at org.openqa.selenium.remote.RemoteWebElement.execute(RemoteWebElement.java:223)
at org.openqa.selenium.remote.RemoteWebElement.click(RemoteWebElement.java:76)
at LinkedIn_Pratice.CheckBox.handleMutableCheckBox(CheckBox.java:45)
at java.base/java.util.ArrayList.forEach(ArrayList.java:1511)
... Removed 32 stack frames]]>
    </failure>
  </testcase> <!-- handleMutableCheckBox -->
  <testcase classname="LinkedIn_Pratice.CheckBox" name="haandlesSingleCheckBox" time="0.039"/>
  <testcase classname="LinkedIn_Pratice.DataProviderr" name="loginTest" time="0.23"/>
  <testcase classname="LinkedIn_Pratice.DataProviderr" name="loginTest" time="1.544"/>
  <testcase classname="LinkedIn_Pratice.Dependency" name="loginTest" time="9.762"/>
  <testcase classname="LinkedIn_Pratice.Dependency" name="dashboardTest" time="0.046"/>
  <testcase classname="LinkedIn_Pratice.Dependency" name="logout" time="40.344"/>
  <testcase classname="LinkedIn_Pratice.DropdownHandlingTest" name="handleSingleDropdown" time="0.198"/>
  <testcase classname="LinkedIn_Pratice.DropdownHandlingTest" name="multabileselection" time="0.38"/>
  <testcase classname="LinkedIn_Pratice.FrameHandling" name="handleSingleFrame" time="10.235"/>
  <testcase classname="LinkedIn_Pratice.FrameHandling" name="handleNestedFrames" time="0.168"/>
  <testcase classname="LinkedIn_Pratice.HandleSimpleAlertTest" name="handleSimpleAlert" time="0.068"/>
  <testcase classname="LinkedIn_Pratice.HandleSimpleAlertTest" name="handleConfirmAlert" time="0.053"/>
  <testcase classname="LinkedIn_Pratice.HandleSimpleAlertTest" name="handlePromptAlert" time="0.063"/>
  <testcase classname="LinkedIn_Pratice.RadioButtons" name="selectMaleRadioButton" time="0.044"/>
  <testcase classname="LinkedIn_Pratice.RadioButtons" name="handleAllRadioButtons" time="0.044"/>
</testsuite> <!-- LinkedIn -->
